<?xml version="1.0" encoding="UTF-8"?>
<!-- Generated by org.testng.reporters.JUnitXMLReporter -->
<testsuite ignored="0" hostname="IN-VKAPPALI-MBP.local" failures="0" tests="2" name="Test" time="13.983" errors="0" timestamp="12 May 2023 20:47:50 GMT">
  <testcase classname="SDET_Assessment.SDET_Assessment.FlightBookingAssessment" name="VerifyLogo" time="0.043"/>
  <testcase classname="SDET_Assessment.SDET_Assessment.FlightBookingAssessment" name="verifyFlightBooking" time="2.92"/>
</testsuite> <!-- Test -->
